<?xml version="1.0" encoding="UTF-8"?>
<testsuite name="com.example.myapplication.ExampleUnitTest" tests="3" skipped="0" failures="0" errors="0" timestamp="2026-09-22T11:46:44.670Z" hostname="K3" time="0.043">
  <properties/>
  <testcase name="bubbleSort_handlesEmptyAndSingleElementList" classname="com.example.myapplication.ExampleUnitTest" time="0.036"/>
  <testcase name="bubbleSort_sortsNumbersCorrectly" classname="com.example.myapplication.ExampleUnitTest" time="0.0"/>
  <testcase name="bubbleSort_handlesAlreadySortedList" classname="com.example.myapplication.ExampleUnitTest" time="0.001"/>
  <system-out><![CDATA[]]></system-out>
  <system-err><![CDATA[]]></system-err>
</testsuite>
